<?xml version="1.0" encoding="UTF-8"?>
<!-- Generated by org.testng.reporters.JUnitReportReporter -->
<testsuite hostname="DESKTOP-AD44IUN" failures="0" tests="2" name="testcases.Register" time="3.271" errors="0" timestamp="2023-09-04T13:42:50 IST" skipped="0">
  <testcase classname="testcases.Register" name="registerpage" time="2.361"/>
  <system-out/>
  <testcase classname="testcases.Register" name="details" time="0.910"/>
  <system-out/>
</testsuite> <!-- testcases.Register -->
