<?xml version="1.0" encoding="UTF-8"?>
<!-- Generated by org.testng.reporters.JUnitReportReporter -->
<testsuite hostname="DESKTOP-AD44IUN" failures="0" tests="2" name="com.testcases.Register" time="9.625" errors="0" timestamp="2023-08-11T07:03:39 IST" skipped="0">
  <testcase classname="com.testcases.Register" name="account" time="3.838"/>
  <system-out/>
  <testcase classname="com.testcases.Register" name="registerPage" time="5.787"/>
  <system-out/>
</testsuite> <!-- com.testcases.Register -->
